[debug] [2025-07-19T19:12:00.930Z] ----------------------------------------------------------------------
[debug] [2025-07-19T19:12:00.931Z] Command:       C:\Program Files\nodejs\node.exe C:\Users\rxgib\AppData\Roaming\npm\node_modules\firebase-tools\lib\bin\firebase.js emulators:start --only auth --debug
[debug] [2025-07-19T19:12:00.932Z] CLI Version:   14.11.0
[debug] [2025-07-19T19:12:00.932Z] Platform:      win32
[debug] [2025-07-19T19:12:00.932Z] Node Version:  v22.17.1
[debug] [2025-07-19T19:12:00.932Z] Time:          Sat Jul 19 2025 12:12:00 GMT-0700 (Pacific Daylight Time)
[debug] [2025-07-19T19:12:00.932Z] ----------------------------------------------------------------------
[debug] 
[debug] [2025-07-19T19:12:01.081Z] > command requires scopes: ["email","openid","https://www.googleapis.com/auth/cloudplatformprojects.readonly","https://www.googleapis.com/auth/firebase","https://www.googleapis.com/auth/cloud-platform"]
[debug] [2025-07-19T19:12:01.082Z] > authorizing via signed-in user (ganeshchsahu2020@gmail.com)
[info] i  emulators: Starting emulators: auth {"metadata":{"emulator":{"name":"hub"},"message":"Starting emulators: auth"}}
[debug] [2025-07-19T19:12:01.140Z] [logging] Logging Emulator only supports listening on one address (127.0.0.1). Not listening on ::1
[debug] [2025-07-19T19:12:01.140Z] [auth] Authentication Emulator only supports listening on one address (127.0.0.1). Not listening on ::1
[debug] [2025-07-19T19:12:01.142Z] assigned listening specs for emulators {"user":{"hub":[{"address":"127.0.0.1","family":"IPv4","port":4400},{"address":"::1","family":"IPv6","port":4400}],"ui":[{"address":"127.0.0.1","family":"IPv4","port":4000},{"address":"::1","family":"IPv6","port":4000}],"logging":[{"address":"127.0.0.1","family":"IPv4","port":4500}],"auth":[{"address":"127.0.0.1","family":"IPv4","port":9099}]},"metadata":{"message":"assigned listening specs for emulators"}}
[debug] [2025-07-19T19:12:01.145Z] [hub] writing locator at C:\Users\rxgib\AppData\Local\Temp\hub-pharma-pmms-2025.json
[info] i  ui: downloading ui-v1.15.0.zip... {"metadata":{"emulator":{"name":"ui"},"message":"downloading ui-v1.15.0.zip..."}}
[debug] [2025-07-19T19:12:04.999Z] >>> [apiv2][query] GET https://storage.googleapis.com/firebase-preview-drop/emulator/ui-v1.15.0.zip 
[debug] [2025-07-19T19:12:05.077Z] <<< [apiv2][status] GET https://storage.googleapis.com/firebase-preview-drop/emulator/ui-v1.15.0.zip 200
[debug] [2025-07-19T19:12:05.078Z] <<< [apiv2][body] GET https://storage.googleapis.com/firebase-preview-drop/emulator/ui-v1.15.0.zip [stream]
[debug] [2025-07-19T19:12:05.572Z] Data is 3538469
[debug] [2025-07-19T19:12:05.573Z] [unzip] Entry: client/ (compressed_size=0 bytes, uncompressed_size=0 bytes)
[debug] [2025-07-19T19:12:05.573Z] [unzip] Processing entry: client\
[debug] [2025-07-19T19:12:05.573Z] [unzip] mkdir: C:\Users\rxgib\.cache\firebase\emulators\ui-v1.15.0\client\
[debug] [2025-07-19T19:12:05.574Z] [unzip] Entry: client/favicon-16x16.png (compressed_size=293 bytes, uncompressed_size=293 bytes)
[debug] [2025-07-19T19:12:05.575Z] [unzip] Processing entry: client\favicon-16x16.png
[debug] [2025-07-19T19:12:05.575Z] [unzip] else mkdir: C:\Users\rxgib\.cache\firebase\emulators\ui-v1.15.0\client
[debug] [2025-07-19T19:12:05.575Z] [unzip] Writing file: C:\Users\rxgib\.cache\firebase\emulators\ui-v1.15.0\client\favicon-16x16.png
[debug] [2025-07-19T19:12:05.578Z] [unzip] Entry: client/safari-pinned-tab.svg (compressed_size=1433 bytes, uncompressed_size=2611 bytes)
[debug] [2025-07-19T19:12:05.578Z] [unzip] Processing entry: client\safari-pinned-tab.svg
[debug] [2025-07-19T19:12:05.578Z] [unzip] else mkdir: C:\Users\rxgib\.cache\firebase\emulators\ui-v1.15.0\client
[debug] [2025-07-19T19:12:05.579Z] [unzip] deflating: C:\Users\rxgib\.cache\firebase\emulators\ui-v1.15.0\client\safari-pinned-tab.svg
[debug] [2025-07-19T19:12:05.586Z] [unzip] Entry: client/favicon.ico (compressed_size=2933 bytes, uncompressed_size=13294 bytes)
[debug] [2025-07-19T19:12:05.587Z] [unzip] Processing entry: client\favicon.ico
[debug] [2025-07-19T19:12:05.587Z] [unzip] else mkdir: C:\Users\rxgib\.cache\firebase\emulators\ui-v1.15.0\client
[debug] [2025-07-19T19:12:05.587Z] [unzip] deflating: C:\Users\rxgib\.cache\firebase\emulators\ui-v1.15.0\client\favicon.ico
[debug] [2025-07-19T19:12:05.591Z] [unzip] Entry: client/index.html (compressed_size=1364 bytes, uncompressed_size=3071 bytes)
[debug] [2025-07-19T19:12:05.591Z] [unzip] Processing entry: client\index.html
[debug] [2025-07-19T19:12:05.592Z] [unzip] else mkdir: C:\Users\rxgib\.cache\firebase\emulators\ui-v1.15.0\client
[debug] [2025-07-19T19:12:05.592Z] [unzip] deflating: C:\Users\rxgib\.cache\firebase\emulators\ui-v1.15.0\client\index.html
[debug] [2025-07-19T19:12:05.602Z] [unzip] Entry: client/android-chrome-192x192.png (compressed_size=2684 bytes, uncompressed_size=2684 bytes)
[debug] [2025-07-19T19:12:05.603Z] [unzip] Processing entry: client\android-chrome-192x192.png
[debug] [2025-07-19T19:12:05.603Z] [unzip] else mkdir: C:\Users\rxgib\.cache\firebase\emulators\ui-v1.15.0\client
[debug] [2025-07-19T19:12:05.603Z] [unzip] Writing file: C:\Users\rxgib\.cache\firebase\emulators\ui-v1.15.0\client\android-chrome-192x192.png
[debug] [2025-07-19T19:12:05.605Z] [unzip] Entry: client/apple-touch-icon.png (compressed_size=2123 bytes, uncompressed_size=2152 bytes)
[debug] [2025-07-19T19:12:05.605Z] [unzip] Processing entry: client\apple-touch-icon.png
[debug] [2025-07-19T19:12:05.605Z] [unzip] else mkdir: C:\Users\rxgib\.cache\firebase\emulators\ui-v1.15.0\client
[debug] [2025-07-19T19:12:05.605Z] [unzip] deflating: C:\Users\rxgib\.cache\firebase\emulators\ui-v1.15.0\client\apple-touch-icon.png
[debug] [2025-07-19T19:12:05.609Z] [unzip] Entry: client/android-chrome-512x512.png (compressed_size=5369 bytes, uncompressed_size=5411 bytes)
[debug] [2025-07-19T19:12:05.609Z] [unzip] Processing entry: client\android-chrome-512x512.png
[debug] [2025-07-19T19:12:05.610Z] [unzip] else mkdir: C:\Users\rxgib\.cache\firebase\emulators\ui-v1.15.0\client
[debug] [2025-07-19T19:12:05.610Z] [unzip] deflating: C:\Users\rxgib\.cache\firebase\emulators\ui-v1.15.0\client\android-chrome-512x512.png
[debug] [2025-07-19T19:12:05.612Z] [unzip] Entry: client/manifest.json (compressed_size=245 bytes, uncompressed_size=551 bytes)
[debug] [2025-07-19T19:12:05.612Z] [unzip] Processing entry: client\manifest.json
[debug] [2025-07-19T19:12:05.612Z] [unzip] else mkdir: C:\Users\rxgib\.cache\firebase\emulators\ui-v1.15.0\client
[debug] [2025-07-19T19:12:05.613Z] [unzip] deflating: C:\Users\rxgib\.cache\firebase\emulators\ui-v1.15.0\client\manifest.json
[debug] [2025-07-19T19:12:05.617Z] [unzip] Entry: client/robots.txt (compressed_size=26 bytes, uncompressed_size=26 bytes)
[debug] [2025-07-19T19:12:05.617Z] [unzip] Processing entry: client\robots.txt
[debug] [2025-07-19T19:12:05.618Z] [unzip] else mkdir: C:\Users\rxgib\.cache\firebase\emulators\ui-v1.15.0\client
[debug] [2025-07-19T19:12:05.618Z] [unzip] Writing file: C:\Users\rxgib\.cache\firebase\emulators\ui-v1.15.0\client\robots.txt
[debug] [2025-07-19T19:12:05.621Z] [unzip] Entry: client/mstile-150x150.png (compressed_size=2034 bytes, uncompressed_size=2034 bytes)
[debug] [2025-07-19T19:12:05.621Z] [unzip] Processing entry: client\mstile-150x150.png
[debug] [2025-07-19T19:12:05.621Z] [unzip] else mkdir: C:\Users\rxgib\.cache\firebase\emulators\ui-v1.15.0\client
[debug] [2025-07-19T19:12:05.621Z] [unzip] Writing file: C:\Users\rxgib\.cache\firebase\emulators\ui-v1.15.0\client\mstile-150x150.png
[debug] [2025-07-19T19:12:05.624Z] [unzip] Entry: client/assets/ (compressed_size=0 bytes, uncompressed_size=0 bytes)
[debug] [2025-07-19T19:12:05.625Z] [unzip] Processing entry: client\assets\
[debug] [2025-07-19T19:12:05.625Z] [unzip] mkdir: C:\Users\rxgib\.cache\firebase\emulators\ui-v1.15.0\client\assets\
[debug] [2025-07-19T19:12:05.625Z] [unzip] Entry: client/assets/index-BX-A56oj.js (compressed_size=582089 bytes, uncompressed_size=2092775 bytes)
[debug] [2025-07-19T19:12:05.625Z] [unzip] Processing entry: client\assets\index-BX-A56oj.js
[debug] [2025-07-19T19:12:05.626Z] [unzip] else mkdir: C:\Users\rxgib\.cache\firebase\emulators\ui-v1.15.0\client\assets
[debug] [2025-07-19T19:12:05.626Z] [unzip] deflating: C:\Users\rxgib\.cache\firebase\emulators\ui-v1.15.0\client\assets\index-BX-A56oj.js
[debug] [2025-07-19T19:12:05.653Z] [unzip] Entry: client/assets/index-CjB9C900.css (compressed_size=35979 bytes, uncompressed_size=298654 bytes)
[debug] [2025-07-19T19:12:05.653Z] [unzip] Processing entry: client\assets\index-CjB9C900.css
[debug] [2025-07-19T19:12:05.653Z] [unzip] else mkdir: C:\Users\rxgib\.cache\firebase\emulators\ui-v1.15.0\client\assets
[debug] [2025-07-19T19:12:05.654Z] [unzip] deflating: C:\Users\rxgib\.cache\firebase\emulators\ui-v1.15.0\client\assets\index-CjB9C900.css
[debug] [2025-07-19T19:12:05.674Z] [unzip] Entry: client/assets/index-BX-A56oj.js.map (compressed_size=2362482 bytes, uncompressed_size=10036679 bytes)
[debug] [2025-07-19T19:12:05.674Z] [unzip] Processing entry: client\assets\index-BX-A56oj.js.map
[debug] [2025-07-19T19:12:05.675Z] [unzip] else mkdir: C:\Users\rxgib\.cache\firebase\emulators\ui-v1.15.0\client\assets
[debug] [2025-07-19T19:12:05.676Z] [unzip] deflating: C:\Users\rxgib\.cache\firebase\emulators\ui-v1.15.0\client\assets\index-BX-A56oj.js.map
[debug] [2025-07-19T19:12:05.738Z] [unzip] Entry: client/assets/extensions/ (compressed_size=0 bytes, uncompressed_size=0 bytes)
[debug] [2025-07-19T19:12:05.738Z] [unzip] Processing entry: client\assets\extensions\
[debug] [2025-07-19T19:12:05.739Z] [unzip] mkdir: C:\Users\rxgib\.cache\firebase\emulators\ui-v1.15.0\client\assets\extensions\
[debug] [2025-07-19T19:12:05.739Z] [unzip] Entry: client/assets/extensions/default-extension.png (compressed_size=1646 bytes, uncompressed_size=1657 bytes)
[debug] [2025-07-19T19:12:05.739Z] [unzip] Processing entry: client\assets\extensions\default-extension.png
[debug] [2025-07-19T19:12:05.739Z] [unzip] else mkdir: C:\Users\rxgib\.cache\firebase\emulators\ui-v1.15.0\client\assets\extensions
[debug] [2025-07-19T19:12:05.740Z] [unzip] deflating: C:\Users\rxgib\.cache\firebase\emulators\ui-v1.15.0\client\assets\extensions\default-extension.png
[debug] [2025-07-19T19:12:05.742Z] [unzip] Entry: client/assets/img/ (compressed_size=0 bytes, uncompressed_size=0 bytes)
[debug] [2025-07-19T19:12:05.742Z] [unzip] Processing entry: client\assets\img\
[debug] [2025-07-19T19:12:05.742Z] [unzip] mkdir: C:\Users\rxgib\.cache\firebase\emulators\ui-v1.15.0\client\assets\img\
[debug] [2025-07-19T19:12:05.743Z] [unzip] Entry: client/assets/img/database.png (compressed_size=29449 bytes, uncompressed_size=29988 bytes)
[debug] [2025-07-19T19:12:05.743Z] [unzip] Processing entry: client\assets\img\database.png
[debug] [2025-07-19T19:12:05.743Z] [unzip] else mkdir: C:\Users\rxgib\.cache\firebase\emulators\ui-v1.15.0\client\assets\img
[debug] [2025-07-19T19:12:05.743Z] [unzip] deflating: C:\Users\rxgib\.cache\firebase\emulators\ui-v1.15.0\client\assets\img\database.png
[debug] [2025-07-19T19:12:05.746Z] [unzip] Entry: client/assets/provider-icons/ (compressed_size=0 bytes, uncompressed_size=0 bytes)
[debug] [2025-07-19T19:12:05.746Z] [unzip] Processing entry: client\assets\provider-icons\
[debug] [2025-07-19T19:12:05.746Z] [unzip] mkdir: C:\Users\rxgib\.cache\firebase\emulators\ui-v1.15.0\client\assets\provider-icons\
[debug] [2025-07-19T19:12:05.747Z] [unzip] Entry: client/assets/provider-icons/auth_service_saml.svg (compressed_size=575 bytes, uncompressed_size=1226 bytes)
[debug] [2025-07-19T19:12:05.747Z] [unzip] Processing entry: client\assets\provider-icons\auth_service_saml.svg
[debug] [2025-07-19T19:12:05.747Z] [unzip] else mkdir: C:\Users\rxgib\.cache\firebase\emulators\ui-v1.15.0\client\assets\provider-icons
[debug] [2025-07-19T19:12:05.748Z] [unzip] deflating: C:\Users\rxgib\.cache\firebase\emulators\ui-v1.15.0\client\assets\provider-icons\auth_service_saml.svg
[debug] [2025-07-19T19:12:05.751Z] [unzip] Entry: client/assets/provider-icons/auth_service_phone.svg (compressed_size=261 bytes, uncompressed_size=414 bytes)
[debug] [2025-07-19T19:12:05.752Z] [unzip] Processing entry: client\assets\provider-icons\auth_service_phone.svg
[debug] [2025-07-19T19:12:05.752Z] [unzip] else mkdir: C:\Users\rxgib\.cache\firebase\emulators\ui-v1.15.0\client\assets\provider-icons
[debug] [2025-07-19T19:12:05.752Z] [unzip] deflating: C:\Users\rxgib\.cache\firebase\emulators\ui-v1.15.0\client\assets\provider-icons\auth_service_phone.svg
[debug] [2025-07-19T19:12:05.757Z] [unzip] Entry: client/assets/provider-icons/auth_service_facebook.svg (compressed_size=289 bytes, uncompressed_size=457 bytes)
[debug] [2025-07-19T19:12:05.757Z] [unzip] Processing entry: client\assets\provider-icons\auth_service_facebook.svg
[debug] [2025-07-19T19:12:05.757Z] [unzip] else mkdir: C:\Users\rxgib\.cache\firebase\emulators\ui-v1.15.0\client\assets\provider-icons
[debug] [2025-07-19T19:12:05.758Z] [unzip] deflating: C:\Users\rxgib\.cache\firebase\emulators\ui-v1.15.0\client\assets\provider-icons\auth_service_facebook.svg
[debug] [2025-07-19T19:12:05.761Z] [unzip] Entry: client/assets/provider-icons/auth_service_game_center.svg (compressed_size=991 bytes, uncompressed_size=3921 bytes)
[debug] [2025-07-19T19:12:05.762Z] [unzip] Processing entry: client\assets\provider-icons\auth_service_game_center.svg
[debug] [2025-07-19T19:12:05.763Z] [unzip] else mkdir: C:\Users\rxgib\.cache\firebase\emulators\ui-v1.15.0\client\assets\provider-icons
[debug] [2025-07-19T19:12:05.763Z] [unzip] deflating: C:\Users\rxgib\.cache\firebase\emulators\ui-v1.15.0\client\assets\provider-icons\auth_service_game_center.svg
[debug] [2025-07-19T19:12:05.775Z] [unzip] Entry: client/assets/provider-icons/auth_service_apple.svg (compressed_size=230 bytes, uncompressed_size=334 bytes)
[debug] [2025-07-19T19:12:05.775Z] [unzip] Processing entry: client\assets\provider-icons\auth_service_apple.svg
[debug] [2025-07-19T19:12:05.775Z] [unzip] else mkdir: C:\Users\rxgib\.cache\firebase\emulators\ui-v1.15.0\client\assets\provider-icons
[debug] [2025-07-19T19:12:05.775Z] [unzip] deflating: C:\Users\rxgib\.cache\firebase\emulators\ui-v1.15.0\client\assets\provider-icons\auth_service_apple.svg
[debug] [2025-07-19T19:12:05.779Z] [unzip] Entry: client/assets/provider-icons/auth_service_github.svg (compressed_size=466 bytes, uncompressed_size=838 bytes)
[debug] [2025-07-19T19:12:05.780Z] [unzip] Processing entry: client\assets\provider-icons\auth_service_github.svg
[debug] [2025-07-19T19:12:05.780Z] [unzip] else mkdir: C:\Users\rxgib\.cache\firebase\emulators\ui-v1.15.0\client\assets\provider-icons
[debug] [2025-07-19T19:12:05.780Z] [unzip] deflating: C:\Users\rxgib\.cache\firebase\emulators\ui-v1.15.0\client\assets\provider-icons\auth_service_github.svg
[debug] [2025-07-19T19:12:05.784Z] [unzip] Entry: client/assets/provider-icons/auth_service_mslive.svg (compressed_size=203 bytes, uncompressed_size=378 bytes)
[debug] [2025-07-19T19:12:05.784Z] [unzip] Processing entry: client\assets\provider-icons\auth_service_mslive.svg
[debug] [2025-07-19T19:12:05.784Z] [unzip] else mkdir: C:\Users\rxgib\.cache\firebase\emulators\ui-v1.15.0\client\assets\provider-icons
[debug] [2025-07-19T19:12:05.785Z] [unzip] deflating: C:\Users\rxgib\.cache\firebase\emulators\ui-v1.15.0\client\assets\provider-icons\auth_service_mslive.svg
[debug] [2025-07-19T19:12:05.789Z] [unzip] Entry: client/assets/provider-icons/auth_service_yahoo.svg (compressed_size=577 bytes, uncompressed_size=1182 bytes)
[debug] [2025-07-19T19:12:05.789Z] [unzip] Processing entry: client\assets\provider-icons\auth_service_yahoo.svg
[debug] [2025-07-19T19:12:05.789Z] [unzip] else mkdir: C:\Users\rxgib\.cache\firebase\emulators\ui-v1.15.0\client\assets\provider-icons
[debug] [2025-07-19T19:12:05.790Z] [unzip] deflating: C:\Users\rxgib\.cache\firebase\emulators\ui-v1.15.0\client\assets\provider-icons\auth_service_yahoo.svg
[debug] [2025-07-19T19:12:05.794Z] [unzip] Entry: client/assets/provider-icons/auth_service_twitter.svg (compressed_size=444 bytes, uncompressed_size=751 bytes)
[debug] [2025-07-19T19:12:05.794Z] [unzip] Processing entry: client\assets\provider-icons\auth_service_twitter.svg
[debug] [2025-07-19T19:12:05.795Z] [unzip] else mkdir: C:\Users\rxgib\.cache\firebase\emulators\ui-v1.15.0\client\assets\provider-icons
[debug] [2025-07-19T19:12:05.795Z] [unzip] deflating: C:\Users\rxgib\.cache\firebase\emulators\ui-v1.15.0\client\assets\provider-icons\auth_service_twitter.svg
[debug] [2025-07-19T19:12:05.798Z] [unzip] Entry: client/assets/provider-icons/auth_service_play_games.svg (compressed_size=565 bytes, uncompressed_size=1173 bytes)
[debug] [2025-07-19T19:12:05.799Z] [unzip] Processing entry: client\assets\provider-icons\auth_service_play_games.svg
[debug] [2025-07-19T19:12:05.799Z] [unzip] else mkdir: C:\Users\rxgib\.cache\firebase\emulators\ui-v1.15.0\client\assets\provider-icons
[debug] [2025-07-19T19:12:05.799Z] [unzip] deflating: C:\Users\rxgib\.cache\firebase\emulators\ui-v1.15.0\client\assets\provider-icons\auth_service_play_games.svg
[debug] [2025-07-19T19:12:05.803Z] [unzip] Entry: client/assets/provider-icons/auth_service_email.svg (compressed_size=228 bytes, uncompressed_size=326 bytes)
[debug] [2025-07-19T19:12:05.803Z] [unzip] Processing entry: client\assets\provider-icons\auth_service_email.svg
[debug] [2025-07-19T19:12:05.803Z] [unzip] else mkdir: C:\Users\rxgib\.cache\firebase\emulators\ui-v1.15.0\client\assets\provider-icons
[debug] [2025-07-19T19:12:05.803Z] [unzip] deflating: C:\Users\rxgib\.cache\firebase\emulators\ui-v1.15.0\client\assets\provider-icons\auth_service_email.svg
[debug] [2025-07-19T19:12:05.807Z] [unzip] Entry: client/assets/provider-icons/auth_service_google.svg (compressed_size=409 bytes, uncompressed_size=720 bytes)
[debug] [2025-07-19T19:12:05.807Z] [unzip] Processing entry: client\assets\provider-icons\auth_service_google.svg
[debug] [2025-07-19T19:12:05.808Z] [unzip] else mkdir: C:\Users\rxgib\.cache\firebase\emulators\ui-v1.15.0\client\assets\provider-icons
[debug] [2025-07-19T19:12:05.808Z] [unzip] deflating: C:\Users\rxgib\.cache\firebase\emulators\ui-v1.15.0\client\assets\provider-icons\auth_service_google.svg
[debug] [2025-07-19T19:12:05.813Z] [unzip] Entry: client/assets/provider-icons/auth_service_oidc.svg (compressed_size=414 bytes, uncompressed_size=858 bytes)
[debug] [2025-07-19T19:12:05.813Z] [unzip] Processing entry: client\assets\provider-icons\auth_service_oidc.svg
[debug] [2025-07-19T19:12:05.814Z] [unzip] else mkdir: C:\Users\rxgib\.cache\firebase\emulators\ui-v1.15.0\client\assets\provider-icons
[debug] [2025-07-19T19:12:05.814Z] [unzip] deflating: C:\Users\rxgib\.cache\firebase\emulators\ui-v1.15.0\client\assets\provider-icons\auth_service_oidc.svg
[debug] [2025-07-19T19:12:05.819Z] [unzip] Entry: client/browserconfig.xml (compressed_size=491 bytes, uncompressed_size=822 bytes)
[debug] [2025-07-19T19:12:05.819Z] [unzip] Processing entry: client\browserconfig.xml
[debug] [2025-07-19T19:12:05.819Z] [unzip] else mkdir: C:\Users\rxgib\.cache\firebase\emulators\ui-v1.15.0\client
[debug] [2025-07-19T19:12:05.819Z] [unzip] deflating: C:\Users\rxgib\.cache\firebase\emulators\ui-v1.15.0\client\browserconfig.xml
[debug] [2025-07-19T19:12:05.823Z] [unzip] Entry: client/favicon-32x32.png (compressed_size=475 bytes, uncompressed_size=475 bytes)
[debug] [2025-07-19T19:12:05.823Z] [unzip] Processing entry: client\favicon-32x32.png
[debug] [2025-07-19T19:12:05.824Z] [unzip] else mkdir: C:\Users\rxgib\.cache\firebase\emulators\ui-v1.15.0\client
[debug] [2025-07-19T19:12:05.824Z] [unzip] Writing file: C:\Users\rxgib\.cache\firebase\emulators\ui-v1.15.0\client\favicon-32x32.png
[debug] [2025-07-19T19:12:05.826Z] [unzip] Entry: server/ (compressed_size=0 bytes, uncompressed_size=0 bytes)
[debug] [2025-07-19T19:12:05.827Z] [unzip] Processing entry: server\
[debug] [2025-07-19T19:12:05.827Z] [unzip] mkdir: C:\Users\rxgib\.cache\firebase\emulators\ui-v1.15.0\server\
[debug] [2025-07-19T19:12:05.827Z] [unzip] Entry: server/server.mjs.map (compressed_size=217845 bytes, uncompressed_size=944978 bytes)
[debug] [2025-07-19T19:12:05.827Z] [unzip] Processing entry: server\server.mjs.map
[debug] [2025-07-19T19:12:05.827Z] [unzip] else mkdir: C:\Users\rxgib\.cache\firebase\emulators\ui-v1.15.0\server
[debug] [2025-07-19T19:12:05.828Z] [unzip] deflating: C:\Users\rxgib\.cache\firebase\emulators\ui-v1.15.0\server\server.mjs.map
[debug] [2025-07-19T19:12:05.842Z] [unzip] Entry: server/server.mjs (compressed_size=276407 bytes, uncompressed_size=933701 bytes)
[debug] [2025-07-19T19:12:05.842Z] [unzip] Processing entry: server\server.mjs
[debug] [2025-07-19T19:12:05.842Z] [unzip] else mkdir: C:\Users\rxgib\.cache\firebase\emulators\ui-v1.15.0\server
[debug] [2025-07-19T19:12:05.843Z] [unzip] deflating: C:\Users\rxgib\.cache\firebase\emulators\ui-v1.15.0\server\server.mjs
[debug] [2025-07-19T19:12:05.924Z] Could not find VSCode notification endpoint: FetchError: request to http://localhost:40001/vscode/notify failed, reason: . If you are not running the Firebase Data Connect VSCode extension, this is expected and not an issue.
[info] 
┌─────────────────────────────────────────────────────────────┐
│ ✔  All emulators ready! It is now safe to connect your app. │
│ i  View Emulator UI at http://127.0.0.1:4000/               │
└─────────────────────────────────────────────────────────────┘

┌────────────────┬────────────────┬────────────────────────────┐
│ Emulator       │ Host:Port      │ View in Emulator UI        │
├────────────────┼────────────────┼────────────────────────────┤
│ Authentication │ 127.0.0.1:9099 │ http://127.0.0.1:4000/auth │
└────────────────┴────────────────┴────────────────────────────┘
  Emulator Hub host: 127.0.0.1 port: 4400
  Other reserved ports: 4500

Issues? Report them at https://github.com/firebase/firebase-tools/issues and attach the *-debug.log files.
 
[debug] [2025-07-19T19:14:09.421Z] Received signal SIGHUP 1
[info]  
[info] i  emulators: Received SIGHUP for the first time. Starting a clean shutdown. 
[info] i  emulators: Please wait for a clean shutdown or send the SIGHUP signal again to stop right now. 
[info] i  emulators: Shutting down emulators. {"metadata":{"emulator":{"name":"hub"},"message":"Shutting down emulators."}}
[info] i  ui: Stopping Emulator UI {"metadata":{"emulator":{"name":"ui"},"message":"Stopping Emulator UI"}}
[info] i  auth: Stopping Authentication Emulator {"metadata":{"emulator":{"name":"auth"},"message":"Stopping Authentication Emulator"}}
[info] i  hub: Stopping emulator hub {"metadata":{"emulator":{"name":"hub"},"message":"Stopping emulator hub"}}
[info] i  logging: Stopping Logging Emulator {"metadata":{"emulator":{"name":"logging"},"message":"Stopping Logging Emulator"}}
[debug] [2025-07-19T19:14:09.462Z] Could not find VSCode notification endpoint: FetchError: request to http://localhost:40001/vscode/notify failed, reason: . If you are not running the Firebase Data Connect VSCode extension, this is expected and not an issue.
